<?xml version="1.0" encoding="UTF-8"?>
<!-- Generated by org.testng.reporters.JUnitXMLReporter -->
<testsuite hostname="Vishnu-PC" ignored="1" name="Default test(failed)" tests="2" failures="1" timestamp="02 May 2020 11:21:21 GMT" time="0.078" errors="0">
  <testcase name="test3" time="0.031" classname="Day40.Re_Run_FailedTests_TestNG">
    <failure type="java.lang.AssertionError" message="expected [true] but found [false]">
      <![CDATA[java.lang.AssertionError: expected [true] but found [false]
at Day40.Re_Run_FailedTests_TestNG.test3(Re_Run_FailedTests_TestNG.java:33)
... Removed 29 stack frames]]>
    </failure>
  </testcase> <!-- test3 -->
  <testcase name="test2" time="0.0" classname="Day40.Re_Run_FailedTests_TestNG"/>
  <testcase name="test1" time="0.0" classname="Day40.Re_Run_FailedTests_TestNG">
    <ignored/>
  </testcase> <!-- test1 -->
</testsuite> <!-- Default test(failed) -->
